0 2.0 0 2.0 0 0.17007756233215332
1 1.0 0 0.0 0 0.20487046241760254
2 0.6666666666666666 0 0.0 0 0.24049615859985352
3 0.5 0 0.0 0 0.27521419525146484
4 0.4 0 0.0 0 0.3073544502258301
5 0.6666666666666666 0 2.0 0 0.46056294441223145
6 0.7142857142857143 0 1.0 0 0.5673809051513672
7 0.75 0 1.0 0 0.641639232635498
8 0.6666666666666666 0 0.0 0 0.6738901138305664
9 0.6 0 0.0 0 0.7078709602355957
10 0.6363636363636364 0 1.0 0 0.82076096534729
11 0.75 0 2.0 0 0.9839649200439453
12 0.6923076923076923 0 0.0 0 1.017313003540039
13 0.7142857142857143 0 1.0 0 1.1217515468597412
14 0.6666666666666666 0 0.0 0 1.155320405960083
15 0.625 0 0.0 0 1.2056732177734375
16 0.5882352941176471 0 0.0 0 1.2420175075531006
17 0.5555555555555556 0 0.0 0 1.2786037921905518
18 0.5263157894736842 0 0.0 0 1.3138539791107178
19 0.5 0 0.0 0 1.3483002185821533
20 0.47619047619047616 0 0.0 0 1.396000623703003
21 0.45454545454545453 0 0.0 0 1.4694647789001465
22 0.43478260869565216 0 0.0 0 1.5077927112579346
23 0.4166666666666667 0 0.0 0 1.547264575958252
24 0.4 0 0.0 0 1.5815489292144775
25 0.38461538461538464 0 0.0 0 1.6262078285217285
26 0.37037037037037035 0 0.0 0 1.660977840423584
27 0.35714285714285715 0 0.0 0 1.6973044872283936
28 0.3448275862068966 0 0.0 0 1.733222484588623
29 0.36666666666666664 0 1.0 0 1.808227777481079
30 0.3870967741935484 0 1.0 0 1.8933377265930176
31 0.4375 0 2.0 0 2.03560733795166
32 0.45454545454545453 0 1.0 0 2.142232656478882
33 0.4411764705882353 0 0.0 0 2.1794981956481934
34 0.45714285714285713 0 1.0 0 2.2835700511932373
35 0.4444444444444444 0 0.0 0 2.332742691040039
36 0.43243243243243246 0 0.0 0 2.3706793785095215
37 0.42105263157894735 0 0.0 0 2.4065256118774414
38 0.41025641025641024 0 0.0 0 2.4420456886291504
39 0.4 0 0.0 0 2.474222183227539
40 0.4146341463414634 0 1.0 0 2.591000556945801
41 0.40476190476190477 0 0.0 0 2.624122142791748
42 0.3953488372093023 0 0.0 0 2.6606667041778564
43 0.38636363636363635 0 0.0 0 2.6967058181762695
44 0.37777777777777777 0 0.0 0 2.732830286026001
45 0.3695652173913043 0 0.0 0 2.7782630920410156
46 0.3829787234042553 0 1.0 0 2.850532054901123
47 0.375 0 0.0 0 2.882096290588379
48 0.3673469387755102 0 0.0 0 2.918506145477295
49 0.38 0 1.0 0 2.992025852203369
50 0.37254901960784315 0 0.0 0 3.040123462677002
51 0.36538461538461536 0 0.0 0 3.0751795768737793
52 0.3584905660377358 0 0.0 0 3.1107356548309326
53 0.35185185185185186 0 0.0 0 3.1455204486846924
54 0.36363636363636365 0 1.0 0 3.247096538543701
55 0.35714285714285715 0 0.0 0 3.299560308456421
56 0.3508771929824561 0 0.0 0 3.3352832794189453
57 0.3448275862068966 0 0.0 0 3.371486186981201
58 0.3559322033898305 0 1.0 0 3.4470858573913574
59 0.35 0 0.0 0 3.48445463180542
60 0.3442622950819672 0 0.0 0 3.5363895893096924
61 0.3387096774193548 0 0.0 0 3.5736358165740967
62 0.38095238095238093 0 3.0 0 3.813825845718384
63 0.375 0 0.0 0 3.851839542388916
64 0.36923076923076925 0 0.0 0 3.886465311050415
65 0.36363636363636365 0 0.0 0 3.9365458488464355
66 0.3582089552238806 0 0.0 0 3.9679572582244873
67 0.35294117647058826 0 0.0 0 4.003819465637207
68 0.34782608695652173 0 0.0 0 4.040798664093018
69 0.34285714285714286 0 0.0 0 4.0762975215911865
70 0.36619718309859156 0 2.0 0 4.257875680923462
71 0.3611111111111111 0 0.0 0 4.2922141551971436
72 0.3561643835616438 0 0.0 0 4.327424049377441
73 0.36486486486486486 0 1.0 0 4.43142032623291
74 0.36 0 0.0 0 4.467382907867432
75 0.35526315789473684 0 0.0 0 4.521285772323608
76 0.38961038961038963 0 3.0 0 4.713746786117554
77 0.41025641025641024 0 2.0 0 4.834446430206299
78 0.4050632911392405 0 0.0 0 4.869530916213989
79 0.4 0 0.0 0 4.904675006866455
80 0.3950617283950617 0 0.0 0 4.949843168258667
81 0.3902439024390244 0 0.0 0 4.982036828994751
82 0.3855421686746988 0 0.0 0 5.014921188354492
83 0.38095238095238093 0 0.0 0 5.050982236862183
84 0.3764705882352941 0 0.0 0 5.086029767990112
85 0.37209302325581395 0 0.0 0 5.135730266571045
86 0.367816091954023 0 0.0 0 5.172306299209595
87 0.36363636363636365 0 0.0 0 5.207187652587891
88 0.3707865168539326 0 1.0 0 5.306757211685181
89 0.37777777777777777 0 1.0 0 5.411539077758789
90 0.37362637362637363 0 0.0 0 5.4636149406433105
91 0.3695652173913043 0 0.0 0 5.5023486614227295
92 0.3763440860215054 0 1.0 0 5.600988864898682
93 0.3723404255319149 0 0.0 0 5.636005878448486
94 0.3684210526315789 0 0.0 0 5.671257257461548
95 0.3854166666666667 0 2.0 0 5.8246259689331055
96 0.38144329896907214 0 0.0 0 5.856644153594971
97 0.37755102040816324 0 0.0 0 5.894230842590332
98 0.37373737373737376 0 0.0 0 5.926602125167847
99 0.37 0 0.0 0 5.960757732391357
100 0.36 0 1.0 0 6.24954628944397
101 0.36 0 0.0 0 6.284579515457153
102 0.36 0 0.0 0 6.320753574371338
103 0.36 0 0.0 0 6.355483055114746
104 0.36 0 0.0 0 6.389922857284546
105 0.34 0 0.0 0 6.435924768447876
106 0.33 0 0.0 0 6.473204851150513
107 0.32 0 0.0 0 6.508581876754761
108 0.33 0 1.0 0 6.612581968307495
109 0.33 0 0.0 0 6.645884037017822
110 0.32 0 0.0 0 6.697454929351807
111 0.3 0 0.0 0 6.735543727874756
112 0.3 0 0.0 0 6.774626731872559
113 0.29 0 0.0 0 6.811444044113159
114 0.29 0 0.0 0 6.843567848205566
115 0.3 0 1.0 0 6.959540605545044
116 0.3 0 0.0 0 6.996340751647949
117 0.31 0 1.0 0 7.1009252071380615
118 0.31 0 0.0 0 7.138374328613281
119 0.32 0 1.0 0 7.2154316902160645
120 0.33 0 1.0 0 7.3063132762908936
121 0.35 0 2.0 0 7.487098932266235
122 0.35 0 0.0 0 7.524729013442993
123 0.37 0 2.0 0 7.6686108112335205
124 0.37 0 0.0 0 7.702263832092285
125 0.37 0 0.0 0 7.75065803527832
126 0.37 0 0.0 0 7.783978223800659
127 0.37 0 0.0 0 7.817056179046631
128 0.37 0 0.0 0 7.8528361320495605
129 0.36 0 0.0 0 7.887867212295532
130 0.37 0 2.0 0 8.04685091972351
131 0.36 0 1.0 4 8.29034948348999
132 0.35 0.36 0.0 9 8.43985915184021
133 0.35 0.36 0.0 15 8.603662729263306
134 0.34 0.36 0.0 20 8.738249778747559
135 0.35 0.36 1.0 38 9.195269584655762
136 0.35 0.36 0.0 43 9.328184127807617
137 0.35 0.36 0.0 49 9.475873470306396
138 0.35 0.36 0.0 54 9.601787090301514
139 0.35 0.36 0.0 60 9.748706102371216
140 0.34 0.36 0.0 65 9.894414186477661
141 0.34 0.36 0.0 71 10.04388689994812
142 0.34 0.36 0.0 77 10.195176839828491
143 0.34 0.36 0.0 83 10.349324226379395
144 0.34 0.36 0.0 88 10.480417490005493
145 0.34 0.36 0.0 94 10.644567489624023
146 0.35 0.36 2.0 119 11.277642726898193
147 0.35 0.36 0.0 125 11.428429365158081
148 0.35 0.36 0.0 131 11.58381962776184
149 0.34 0.36 0.0 136 11.718175172805786
150 0.34 0.36 0.0 142 11.888528823852539
151 0.34 0.36 0.0 148 12.038893699645996
152 0.34 0.36 0.0 153 12.165336608886719
153 0.34 0.36 0.0 159 12.31754469871521
